<testsuites id="" name="" tests="4" failures="4" skipped="0" errors="0" time="43.503204">
<testsuite name="organization-creation.spec.ts" timestamp="2025-09-06T13:17:13.806Z" hostname="chromium" tests="4" failures="4" skipped="0" time="153.438" errors="0">
<testcase name="Organization Creation › should create a test organization successfully" classname="organization-creation.spec.ts" time="27.838">
<failure message="organization-creation.spec.ts:13:3 should create a test organization successfully" type="FAILURE">
<![CDATA[  [chromium] › organization-creation.spec.ts:13:3 › Organization Creation › should create a test organization successfully 

    TimeoutError: page.waitForSelector: Timeout 5000ms exceeded.
    Call log:
      - waiting for locator('text="Company Information"') to be visible


      61 |     }).catch(() => {
      62 |       // If no test id, look for modal content
    > 63 |       return page.waitForSelector('text="Company Information"', { timeout: 5000 });
         |                   ^
      64 |     });
      65 |     
      66 |     // Step 4: Fill out organization form
        at /home/aiguy/projects/hr-disciplinary-system/frontend/src/e2e/organization-creation.spec.ts:63:19
        at /home/aiguy/projects/hr-disciplinary-system/frontend/src/e2e/organization-creation.spec.ts:59:5

    attachment #1: screenshot (image/png) ──────────────────────────────────────────────────────────
    ../../test-results/organization-creation-Orga-5d728-t-organization-successfully-chromium/test-failed-1.png
    ────────────────────────────────────────────────────────────────────────────────────────────────

    attachment #2: video (video/webm) ──────────────────────────────────────────────────────────────
    ../../test-results/organization-creation-Orga-5d728-t-organization-successfully-chromium/video.webm
    ────────────────────────────────────────────────────────────────────────────────────────────────

    Error Context: ../../test-results/organization-creation-Orga-5d728-t-organization-successfully-chromium/error-context.md
]]>
</failure>
<system-out>
<![CDATA[Login page detected, logging in...
Clicked login button, waiting for dashboard...
Found deploy button, clicking...

[[ATTACHMENT|organization-creation-Orga-5d728-t-organization-successfully-chromium/test-failed-1.png]]

[[ATTACHMENT|organization-creation-Orga-5d728-t-organization-successfully-chromium/video.webm]]

[[ATTACHMENT|organization-creation-Orga-5d728-t-organization-successfully-chromium/error-context.md]]
]]>
</system-out>
</testcase>
<testcase name="Organization Creation › should handle form validation" classname="organization-creation.spec.ts" time="42.191">
<failure message="organization-creation.spec.ts:133:3 should handle form validation" type="FAILURE">
<![CDATA[  [chromium] › organization-creation.spec.ts:133:3 › Organization Creation › should handle form validation 

    TimeoutError: locator.click: Timeout 30000ms exceeded.
    Call log:
      - waiting for locator('text="Test Org"')


      144 |     // Navigate to organization creation using Test Org button
      145 |     const deployButton = page.locator('text="Test Org"');
    > 146 |     await deployButton.click();
          |                        ^
      147 |     
      148 |     // Try to submit empty form
      149 |     const createButton = page.locator('text="Create Test Organization"');
        at /home/aiguy/projects/hr-disciplinary-system/frontend/src/e2e/organization-creation.spec.ts:146:24

    attachment #1: screenshot (image/png) ──────────────────────────────────────────────────────────
    ../../test-results/organization-creation-Orga-1414b-ould-handle-form-validation-chromium/test-failed-1.png
    ────────────────────────────────────────────────────────────────────────────────────────────────

    attachment #2: video (video/webm) ──────────────────────────────────────────────────────────────
    ../../test-results/organization-creation-Orga-1414b-ould-handle-form-validation-chromium/video.webm
    ────────────────────────────────────────────────────────────────────────────────────────────────

    Error Context: ../../test-results/organization-creation-Orga-1414b-ould-handle-form-validation-chromium/error-context.md
]]>
</failure>
<system-out>
<![CDATA[
[[ATTACHMENT|organization-creation-Orga-1414b-ould-handle-form-validation-chromium/test-failed-1.png]]

[[ATTACHMENT|organization-creation-Orga-1414b-ould-handle-form-validation-chromium/video.webm]]

[[ATTACHMENT|organization-creation-Orga-1414b-ould-handle-form-validation-chromium/error-context.md]]
]]>
</system-out>
</testcase>
<testcase name="Organization Creation › should display proper error handling for network issues" classname="organization-creation.spec.ts" time="41.611">
<failure message="organization-creation.spec.ts:156:3 should display proper error handling for network issues" type="FAILURE">
<![CDATA[  [chromium] › organization-creation.spec.ts:156:3 › Organization Creation › should display proper error handling for network issues 

    TimeoutError: locator.click: Timeout 30000ms exceeded.
    Call log:
      - waiting for locator('text="Test Org"')


      170 |     // Navigate to organization creation using Test Org button
      171 |     const deployButton = page.locator('text="Test Org"');
    > 172 |     await deployButton.click();
          |                        ^
      173 |     
      174 |     // Fill minimal form data
      175 |     await page.fill('input[name="companyName"]', 'Network Test Org');
        at /home/aiguy/projects/hr-disciplinary-system/frontend/src/e2e/organization-creation.spec.ts:172:24

    attachment #1: screenshot (image/png) ──────────────────────────────────────────────────────────
    ../../test-results/organization-creation-Orga-3cad5-handling-for-network-issues-chromium/test-failed-1.png
    ────────────────────────────────────────────────────────────────────────────────────────────────

    attachment #2: video (video/webm) ──────────────────────────────────────────────────────────────
    ../../test-results/organization-creation-Orga-3cad5-handling-for-network-issues-chromium/video.webm
    ────────────────────────────────────────────────────────────────────────────────────────────────

    Error Context: ../../test-results/organization-creation-Orga-3cad5-handling-for-network-issues-chromium/error-context.md
]]>
</failure>
<system-out>
<![CDATA[
[[ATTACHMENT|organization-creation-Orga-3cad5-handling-for-network-issues-chromium/test-failed-1.png]]

[[ATTACHMENT|organization-creation-Orga-3cad5-handling-for-network-issues-chromium/video.webm]]

[[ATTACHMENT|organization-creation-Orga-3cad5-handling-for-network-issues-chromium/error-context.md]]
]]>
</system-out>
</testcase>
<testcase name="Organization Creation - Visual Tests › should display organization wizard correctly" classname="organization-creation.spec.ts" time="41.798">
<failure message="organization-creation.spec.ts:190:3 should display organization wizard correctly" type="FAILURE">
<![CDATA[  [chromium] › organization-creation.spec.ts:190:3 › Organization Creation - Visual Tests › should display organization wizard correctly 

    TimeoutError: locator.click: Timeout 30000ms exceeded.
    Call log:
      - waiting for locator('text="Test Org"')


      204 |     // Open organization wizard using Test Org button
      205 |     const deployButton = page.locator('text="Test Org"');
    > 206 |     await deployButton.click();
          |                        ^
      207 |     
      208 |     // Take screenshot of the wizard
      209 |     await expect(page).toHaveScreenshot('organization-wizard.png');
        at /home/aiguy/projects/hr-disciplinary-system/frontend/src/e2e/organization-creation.spec.ts:206:24

    attachment #1: screenshot (image/png) ──────────────────────────────────────────────────────────
    ../../test-results/organization-creation-Orga-5fdf5-ganization-wizard-correctly-chromium/test-failed-1.png
    ────────────────────────────────────────────────────────────────────────────────────────────────

    attachment #2: video (video/webm) ──────────────────────────────────────────────────────────────
    ../../test-results/organization-creation-Orga-5fdf5-ganization-wizard-correctly-chromium/video.webm
    ────────────────────────────────────────────────────────────────────────────────────────────────

    Error Context: ../../test-results/organization-creation-Orga-5fdf5-ganization-wizard-correctly-chromium/error-context.md
]]>
</failure>
<system-out>
<![CDATA[
[[ATTACHMENT|organization-creation-Orga-5fdf5-ganization-wizard-correctly-chromium/test-failed-1.png]]

[[ATTACHMENT|organization-creation-Orga-5fdf5-ganization-wizard-correctly-chromium/video.webm]]

[[ATTACHMENT|organization-creation-Orga-5fdf5-ganization-wizard-correctly-chromium/error-context.md]]
]]>
</system-out>
</testcase>
</testsuite>
</testsuites>